{"/Users/alexander.gallo/Documents/React-practices/Pokemon-proyect/landing-pokemon/src/app/favorites/FavoritesPage.tsx": {"path":"/Users/alexander.gallo/Documents/React-practices/Pokemon-proyect/landing-pokemon/src/app/favorites/FavoritesPage.tsx","statementMap":{"0":{"start":{"line":1,"column":0},"end":{"line":1,"column":66}},"1":{"start":{"line":2,"column":0},"end":{"line":2,"column":94}},"2":{"start":{"line":3,"column":0},"end":{"line":3,"column":67}},"3":{"start":{"line":4,"column":0},"end":{"line":4,"column":49}},"4":{"start":{"line":6,"column":22},"end":{"line":21,"column":1}},"5":{"start":{"line":7,"column":23},"end":{"line":7,"column":40}},"6":{"start":{"line":9,"column":28},"end":{"line":9,"column":38}},"7":{"start":{"line":11,"column":2},"end":{"line":20,"column":4}},"8":{"start":{"line":23,"column":0},"end":{"line":23,"column":29}}},"fnMap":{"0":{"name":"(anonymous_1)","decl":{"start":{"line":6,"column":22},"end":{"line":6,"column":25}},"loc":{"start":{"line":6,"column":27},"end":{"line":21,"column":1}}}},"branchMap":{"0":{"loc":{"start":{"line":14,"column":7},"end":{"line":17,"column":null}},"type":"cond-expr","locations":[{"start":{"line":15,"column":8},"end":{"line":15,"column":29}},{"start":{"line":17,"column":8},"end":{"line":17,"column":53}}]}},"s":{"0":1,"1":1,"2":1,"3":1,"4":1,"5":1,"6":1,"7":1,"8":1},"f":{"0":1},"b":{"0":[0,1]}}
,"/Users/alexander.gallo/Documents/React-practices/Pokemon-proyect/landing-pokemon/src/app/pokemon/PokemonPage.tsx": {"path":"/Users/alexander.gallo/Documents/React-practices/Pokemon-proyect/landing-pokemon/src/app/pokemon/PokemonPage.tsx","statementMap":{"0":{"start":{"line":1,"column":0},"end":{"line":1,"column":45}},"1":{"start":{"line":2,"column":0},"end":{"line":2,"column":58}},"2":{"start":{"line":4,"column":0},"end":{"line":4,"column":52}},"3":{"start":{"line":5,"column":0},"end":{"line":5,"column":79}},"4":{"start":{"line":6,"column":0},"end":{"line":6,"column":73}},"5":{"start":{"line":7,"column":0},"end":{"line":7,"column":47}},"6":{"start":{"line":9,"column":20},"end":{"line":38,"column":1}},"7":{"start":{"line":10,"column":17},"end":{"line":10,"column":28}},"8":{"start":{"line":12,"column":30},"end":{"line":13,"column":null}},"9":{"start":{"line":16,"column":2},"end":{"line":16,"column":44}},"10":{"start":{"line":16,"column":17},"end":{"line":16,"column":44}},"11":{"start":{"line":18,"column":2},"end":{"line":18,"column":53}},"12":{"start":{"line":18,"column":13},"end":{"line":18,"column":53}},"13":{"start":{"line":20,"column":2},"end":{"line":37,"column":4}},"14":{"start":{"line":25,"column":10},"end":{"line":26,"column":null}},"15":{"start":{"line":40,"column":0},"end":{"line":40,"column":27}}},"fnMap":{"0":{"name":"(anonymous_1)","decl":{"start":{"line":9,"column":20},"end":{"line":9,"column":23}},"loc":{"start":{"line":9,"column":25},"end":{"line":38,"column":1}}},"1":{"name":"(anonymous_2)","decl":{"start":{"line":24,"column":24},"end":{"line":24,"column":25}},"loc":{"start":{"line":25,"column":10},"end":{"line":26,"column":null}}}},"branchMap":{"0":{"loc":{"start":{"line":16,"column":2},"end":{"line":16,"column":44}},"type":"if","locations":[{"start":{"line":16,"column":2},"end":{"line":16,"column":44}}]},"1":{"loc":{"start":{"line":18,"column":2},"end":{"line":18,"column":53}},"type":"if","locations":[{"start":{"line":18,"column":2},"end":{"line":18,"column":53}}]},"2":{"loc":{"start":{"line":28,"column":33},"end":{"line":28,"column":68}},"type":"cond-expr","locations":[{"start":{"line":28,"column":47},"end":{"line":28,"column":56}},{"start":{"line":28,"column":59},"end":{"line":28,"column":68}}]}},"s":{"0":1,"1":1,"2":1,"3":1,"4":1,"5":1,"6":1,"7":3,"8":3,"9":3,"10":1,"11":2,"12":1,"13":1,"14":2,"15":1},"f":{"0":3,"1":2},"b":{"0":[1],"1":[1],"2":[1,1]}}
,"/Users/alexander.gallo/Documents/React-practices/Pokemon-proyect/landing-pokemon/src/app/pokemonsList/PokemonsPage.tsx": {"path":"/Users/alexander.gallo/Documents/React-practices/Pokemon-proyect/landing-pokemon/src/app/pokemonsList/PokemonsPage.tsx","statementMap":{"0":{"start":{"line":1,"column":0},"end":{"line":1,"column":69}},"1":{"start":{"line":2,"column":0},"end":{"line":2,"column":66}},"2":{"start":{"line":3,"column":0},"end":{"line":3,"column":76}},"3":{"start":{"line":4,"column":0},"end":{"line":4,"column":58}},"4":{"start":{"line":7,"column":0},"end":{"line":7,"column":64}},"5":{"start":{"line":8,"column":0},"end":{"line":8,"column":48}},"6":{"start":{"line":10,"column":15},"end":{"line":10,"column":17}},"7":{"start":{"line":12,"column":21},"end":{"line":91,"column":1}},"8":{"start":{"line":13,"column":54},"end":{"line":14,"column":null}},"9":{"start":{"line":16,"column":50},"end":{"line":16,"column":69}},"10":{"start":{"line":18,"column":18},"end":{"line":18,"column":45}},"11":{"start":{"line":20,"column":2},"end":{"line":22,"column":3}},"12":{"start":{"line":21,"column":4},"end":{"line":21,"column":52}},"13":{"start":{"line":24,"column":44},"end":{"line":24,"column":51}},"14":{"start":{"line":26,"column":27},"end":{"line":28,"column":45}},"15":{"start":{"line":27,"column":4},"end":{"line":27,"column":51}},"16":{"start":{"line":30,"column":30},"end":{"line":31,"column":null}},"17":{"start":{"line":34,"column":34},"end":{"line":46,"column":3}},"18":{"start":{"line":35,"column":22},"end":{"line":35,"column":31}},"19":{"start":{"line":36,"column":27},"end":{"line":36,"column":29}},"20":{"start":{"line":38,"column":4},"end":{"line":43,"column":5}},"21":{"start":{"line":39,"column":6},"end":{"line":42,"column":7}},"22":{"start":{"line":40,"column":8},"end":{"line":40,"column":34}},"23":{"start":{"line":41,"column":8},"end":{"line":41,"column":37}},"24":{"start":{"line":45,"column":4},"end":{"line":45,"column":26}},"25":{"start":{"line":48,"column":22},"end":{"line":58,"column":3}},"26":{"start":{"line":49,"column":36},"end":{"line":49,"column":38}},"27":{"start":{"line":51,"column":4},"end":{"line":56,"column":5}},"28":{"start":{"line":52,"column":6},"end":{"line":55,"column":10}},"29":{"start":{"line":52,"column":49},"end":{"line":55,"column":8}},"30":{"start":{"line":57,"column":4},"end":{"line":57,"column":33}},"31":{"start":{"line":60,"column":29},"end":{"line":64,"column":3}},"32":{"start":{"line":61,"column":4},"end":{"line":63,"column":6}},"33":{"start":{"line":66,"column":2},"end":{"line":68,"column":13}},"34":{"start":{"line":67,"column":4},"end":{"line":67,"column":18}},"35":{"start":{"line":70,"column":2},"end":{"line":90,"column":4}},"36":{"start":{"line":93,"column":0},"end":{"line":93,"column":28}}},"fnMap":{"0":{"name":"(anonymous_1)","decl":{"start":{"line":12,"column":21},"end":{"line":12,"column":24}},"loc":{"start":{"line":12,"column":26},"end":{"line":91,"column":1}}},"1":{"name":"(anonymous_2)","decl":{"start":{"line":26,"column":39},"end":{"line":26,"column":42}},"loc":{"start":{"line":26,"column":44},"end":{"line":28,"column":3}}},"2":{"name":"(anonymous_3)","decl":{"start":{"line":34,"column":34},"end":{"line":34,"column":35}},"loc":{"start":{"line":34,"column":64},"end":{"line":46,"column":3}}},"3":{"name":"(anonymous_4)","decl":{"start":{"line":48,"column":22},"end":{"line":48,"column":25}},"loc":{"start":{"line":48,"column":27},"end":{"line":58,"column":3}}},"4":{"name":"(anonymous_5)","decl":{"start":{"line":52,"column":35},"end":{"line":52,"column":36}},"loc":{"start":{"line":52,"column":49},"end":{"line":55,"column":8}}},"5":{"name":"(anonymous_6)","decl":{"start":{"line":60,"column":29},"end":{"line":60,"column":30}},"loc":{"start":{"line":60,"column":59},"end":{"line":64,"column":3}}},"6":{"name":"(anonymous_7)","decl":{"start":{"line":66,"column":12},"end":{"line":66,"column":15}},"loc":{"start":{"line":66,"column":17},"end":{"line":68,"column":3}}}},"branchMap":{"0":{"loc":{"start":{"line":20,"column":2},"end":{"line":22,"column":3}},"type":"if","locations":[{"start":{"line":20,"column":2},"end":{"line":22,"column":3}}]},"1":{"loc":{"start":{"line":39,"column":6},"end":{"line":42,"column":7}},"type":"if","locations":[{"start":{"line":39,"column":6},"end":{"line":42,"column":7}}]},"2":{"loc":{"start":{"line":51,"column":4},"end":{"line":56,"column":5}},"type":"if","locations":[{"start":{"line":51,"column":4},"end":{"line":56,"column":5}}]},"3":{"loc":{"start":{"line":51,"column":8},"end":{"line":51,"column":21}},"type":"cond-expr","locations":[{"start":{"line":51,"column":12},"end":{"line":51,"column":14}},{"start":{"line":51,"column":8},"end":{"line":51,"column":21}}]},"4":{"loc":{"start":{"line":51,"column":8},"end":{"line":51,"column":14}},"type":"binary-expr","locations":[{"start":{"line":51,"column":8},"end":{"line":51,"column":14}},{"start":{"line":51,"column":8},"end":{"line":51,"column":14}}]},"5":{"loc":{"start":{"line":74,"column":7},"end":{"line":83,"column":null}},"type":"cond-expr","locations":[{"start":{"line":75,"column":8},"end":{"line":75,"column":28}},{"start":{"line":77,"column":8},"end":{"line":81,"column":null}}]},"6":{"loc":{"start":{"line":79,"column":12},"end":{"line":81,"column":32}},"type":"cond-expr","locations":[{"start":{"line":80,"column":16},"end":{"line":80,"column":34}},{"start":{"line":81,"column":16},"end":{"line":81,"column":32}}]}},"s":{"0":2,"1":2,"2":2,"3":2,"4":2,"5":2,"6":2,"7":2,"8":8,"9":8,"10":8,"11":8,"12":0,"13":8,"14":8,"15":0,"16":8,"17":8,"18":4,"19":4,"20":4,"21":2,"22":2,"23":2,"24":4,"25":8,"26":4,"27":4,"28":1,"29":2,"30":4,"31":8,"32":4,"33":8,"34":4,"35":8,"36":2},"f":{"0":8,"1":0,"2":4,"3":4,"4":2,"5":4,"6":4},"b":{"0":[0],"1":[2],"2":[1],"3":[3,1],"4":[4,3],"5":[8,0],"6":[0,0]}}
,"/Users/alexander.gallo/Documents/React-practices/Pokemon-proyect/landing-pokemon/src/components/InputSearch/InputSearch.tsx": {"path":"/Users/alexander.gallo/Documents/React-practices/Pokemon-proyect/landing-pokemon/src/components/InputSearch/InputSearch.tsx","statementMap":{"0":{"start":{"line":1,"column":0},"end":{"line":1,"column":47}},"1":{"start":{"line":8,"column":20},"end":{"line":19,"column":1}},"2":{"start":{"line":9,"column":2},"end":{"line":18,"column":4}},"3":{"start":{"line":21,"column":0},"end":{"line":21,"column":27}}},"fnMap":{"0":{"name":"(anonymous_1)","decl":{"start":{"line":8,"column":20},"end":{"line":8,"column":21}},"loc":{"start":{"line":8,"column":56},"end":{"line":19,"column":1}}}},"branchMap":{},"s":{"0":3,"1":3,"2":10,"3":3},"f":{"0":10},"b":{}}
,"/Users/alexander.gallo/Documents/React-practices/Pokemon-proyect/landing-pokemon/src/components/button/Button.tsx": {"path":"/Users/alexander.gallo/Documents/React-practices/Pokemon-proyect/landing-pokemon/src/components/button/Button.tsx","statementMap":{"0":{"start":{"line":1,"column":0},"end":{"line":1,"column":40}},"1":{"start":{"line":4,"column":0},"end":{"line":4,"column":null}},"2":{"start":{"line":9,"column":0},"end":{"line":9,"column":42}},"3":{"start":{"line":11,"column":15},"end":{"line":30,"column":1}},"4":{"start":{"line":12,"column":52},"end":{"line":16,"column":4}},"5":{"start":{"line":18,"column":23},"end":{"line":18,"column":53}},"6":{"start":{"line":20,"column":2},"end":{"line":29,"column":4}},"7":{"start":{"line":32,"column":0},"end":{"line":32,"column":22}}},"fnMap":{"0":{"name":"(anonymous_1)","decl":{"start":{"line":11,"column":15},"end":{"line":11,"column":16}},"loc":{"start":{"line":11,"column":53},"end":{"line":30,"column":1}}}},"branchMap":{},"s":{"0":9,"1":9,"2":9,"3":9,"4":13,"5":13,"6":13,"7":9},"f":{"0":13},"b":{}}
,"/Users/alexander.gallo/Documents/React-practices/Pokemon-proyect/landing-pokemon/src/components/navbar/Navbar.tsx": {"path":"/Users/alexander.gallo/Documents/React-practices/Pokemon-proyect/landing-pokemon/src/components/navbar/Navbar.tsx","statementMap":{"0":{"start":{"line":1,"column":0},"end":{"line":1,"column":40}},"1":{"start":{"line":3,"column":0},"end":{"line":3,"column":50}},"2":{"start":{"line":4,"column":0},"end":{"line":4,"column":42}},"3":{"start":{"line":5,"column":0},"end":{"line":5,"column":41}},"4":{"start":{"line":7,"column":23},"end":{"line":12,"column":2}},"5":{"start":{"line":14,"column":15},"end":{"line":45,"column":1}},"6":{"start":{"line":15,"column":2},"end":{"line":44,"column":4}},"7":{"start":{"line":33,"column":10},"end":{"line":35,"column":null}},"8":{"start":{"line":47,"column":0},"end":{"line":47,"column":22}}},"fnMap":{"0":{"name":"(anonymous_1)","decl":{"start":{"line":14,"column":15},"end":{"line":14,"column":18}},"loc":{"start":{"line":14,"column":20},"end":{"line":45,"column":1}}},"1":{"name":"(anonymous_2)","decl":{"start":{"line":32,"column":19},"end":{"line":32,"column":20}},"loc":{"start":{"line":33,"column":10},"end":{"line":35,"column":null}}}},"branchMap":{},"s":{"0":1,"1":1,"2":1,"3":1,"4":1,"5":1,"6":1,"7":1,"8":1},"f":{"0":1,"1":1},"b":{}}
,"/Users/alexander.gallo/Documents/React-practices/Pokemon-proyect/landing-pokemon/src/components/navbar/NavbarResponsive.tsx": {"path":"/Users/alexander.gallo/Documents/React-practices/Pokemon-proyect/landing-pokemon/src/components/navbar/NavbarResponsive.tsx","statementMap":{"0":{"start":{"line":1,"column":0},"end":{"line":1,"column":33}},"1":{"start":{"line":2,"column":0},"end":{"line":2,"column":40}},"2":{"start":{"line":3,"column":0},"end":{"line":3,"column":46}},"3":{"start":{"line":5,"column":0},"end":{"line":5,"column":52}},"4":{"start":{"line":11,"column":25},"end":{"line":28,"column":1}},"5":{"start":{"line":12,"column":30},"end":{"line":12,"column":45}},"6":{"start":{"line":14,"column":2},"end":{"line":27,"column":4}},"7":{"start":{"line":15,"column":53},"end":{"line":15,"column":71}},"8":{"start":{"line":20,"column":12},"end":{"line":20,"column":33}},"9":{"start":{"line":30,"column":0},"end":{"line":30,"column":32}}},"fnMap":{"0":{"name":"(anonymous_1)","decl":{"start":{"line":11,"column":25},"end":{"line":11,"column":26}},"loc":{"start":{"line":11,"column":58},"end":{"line":28,"column":1}}},"1":{"name":"(anonymous_2)","decl":{"start":{"line":15,"column":47},"end":{"line":15,"column":50}},"loc":{"start":{"line":15,"column":53},"end":{"line":15,"column":71}}},"2":{"name":"(anonymous_3)","decl":{"start":{"line":19,"column":21},"end":{"line":19,"column":22}},"loc":{"start":{"line":20,"column":12},"end":{"line":20,"column":33}}}},"branchMap":{"0":{"loc":{"start":{"line":17,"column":7},"end":{"line":24,"column":null}},"type":"binary-expr","locations":[{"start":{"line":17,"column":7},"end":{"line":17,"column":13}},{"start":{"line":18,"column":8},"end":{"line":23,"column":null}}]}},"s":{"0":1,"1":1,"2":1,"3":1,"4":1,"5":1,"6":1,"7":0,"8":0,"9":1},"f":{"0":1,"1":0,"2":0},"b":{"0":[1,0]}}
,"/Users/alexander.gallo/Documents/React-practices/Pokemon-proyect/landing-pokemon/src/components/pokemons/PokemonCard.tsx": {"path":"/Users/alexander.gallo/Documents/React-practices/Pokemon-proyect/landing-pokemon/src/components/pokemons/PokemonCard.tsx","statementMap":{"0":{"start":{"line":1,"column":0},"end":{"line":1,"column":35}},"1":{"start":{"line":2,"column":0},"end":{"line":2,"column":58}},"2":{"start":{"line":3,"column":0},"end":{"line":3,"column":38}},"3":{"start":{"line":5,"column":0},"end":{"line":5,"column":67}},"4":{"start":{"line":6,"column":0},"end":{"line":6,"column":64}},"5":{"start":{"line":7,"column":0},"end":{"line":7,"column":47}},"6":{"start":{"line":8,"column":0},"end":{"line":8,"column":41}},"7":{"start":{"line":15,"column":2},"end":{"line":15,"column":95}},"8":{"start":{"line":17,"column":20},"end":{"line":61,"column":1}},"9":{"start":{"line":18,"column":18},"end":{"line":18,"column":45}},"10":{"start":{"line":20,"column":2},"end":{"line":22,"column":3}},"11":{"start":{"line":21,"column":4},"end":{"line":21,"column":52}},"12":{"start":{"line":24,"column":29},"end":{"line":24,"column":36}},"13":{"start":{"line":25,"column":20},"end":{"line":25,"column":38}},"14":{"start":{"line":26,"column":21},"end":{"line":26,"column":64}},"15":{"start":{"line":28,"column":31},"end":{"line":28,"column":48}},"16":{"start":{"line":30,"column":32},"end":{"line":33,"column":3}},"17":{"start":{"line":31,"column":4},"end":{"line":31,"column":30}},"18":{"start":{"line":32,"column":4},"end":{"line":32,"column":45}},"19":{"start":{"line":35,"column":2},"end":{"line":60,"column":4}},"20":{"start":{"line":43,"column":25},"end":{"line":43,"column":55}},"21":{"start":{"line":63,"column":0},"end":{"line":63,"column":27}}},"fnMap":{"0":{"name":"(anonymous_1)","decl":{"start":{"line":17,"column":20},"end":{"line":17,"column":21}},"loc":{"start":{"line":17,"column":42},"end":{"line":61,"column":1}}},"1":{"name":"(anonymous_2)","decl":{"start":{"line":30,"column":32},"end":{"line":30,"column":33}},"loc":{"start":{"line":30,"column":59},"end":{"line":33,"column":3}}},"2":{"name":"(anonymous_3)","decl":{"start":{"line":43,"column":19},"end":{"line":43,"column":22}},"loc":{"start":{"line":43,"column":25},"end":{"line":43,"column":55}}}},"branchMap":{"0":{"loc":{"start":{"line":20,"column":2},"end":{"line":22,"column":3}},"type":"if","locations":[{"start":{"line":20,"column":2},"end":{"line":22,"column":3}}]},"1":{"loc":{"start":{"line":26,"column":21},"end":{"line":26,"column":64}},"type":"binary-expr","locations":[{"start":{"line":26,"column":21},"end":{"line":26,"column":55}},{"start":{"line":26,"column":59},"end":{"line":26,"column":64}}]},"2":{"loc":{"start":{"line":48,"column":13},"end":{"line":48,"column":59}},"type":"cond-expr","locations":[{"start":{"line":48,"column":27},"end":{"line":48,"column":45}},{"start":{"line":48,"column":48},"end":{"line":48,"column":59}}]}},"s":{"0":5,"1":5,"2":5,"3":5,"4":5,"5":5,"6":5,"7":5,"8":5,"9":8,"10":8,"11":2,"12":6,"13":6,"14":6,"15":6,"16":6,"17":1,"18":1,"19":6,"20":1,"21":5},"f":{"0":8,"1":1,"2":1},"b":{"0":[2],"1":[6,2],"2":[2,4]}}
,"/Users/alexander.gallo/Documents/React-practices/Pokemon-proyect/landing-pokemon/src/components/pokemons/PokemonsGrid.tsx": {"path":"/Users/alexander.gallo/Documents/React-practices/Pokemon-proyect/landing-pokemon/src/components/pokemons/PokemonsGrid.tsx","statementMap":{"0":{"start":{"line":2,"column":0},"end":{"line":2,"column":40}},"1":{"start":{"line":3,"column":0},"end":{"line":3,"column":48}},"2":{"start":{"line":9,"column":21},"end":{"line":17,"column":1}},"3":{"start":{"line":10,"column":2},"end":{"line":16,"column":4}},"4":{"start":{"line":13,"column":8},"end":{"line":13,"column":38}},"5":{"start":{"line":19,"column":0},"end":{"line":19,"column":28}}},"fnMap":{"0":{"name":"(anonymous_1)","decl":{"start":{"line":9,"column":21},"end":{"line":9,"column":22}},"loc":{"start":{"line":9,"column":50},"end":{"line":17,"column":1}}},"1":{"name":"(anonymous_2)","decl":{"start":{"line":12,"column":21},"end":{"line":12,"column":22}},"loc":{"start":{"line":13,"column":8},"end":{"line":13,"column":38}}}},"branchMap":{"0":{"loc":{"start":{"line":9,"column":24},"end":{"line":9,"column":37}},"type":"default-arg","locations":[{"start":{"line":9,"column":35},"end":{"line":9,"column":37}}]},"1":{"loc":{"start":{"line":12,"column":7},"end":{"line":14,"column":8}},"type":"cond-expr","locations":[{"start":{"line":12,"column":15},"end":{"line":12,"column":17}},{"start":{"line":12,"column":7},"end":{"line":14,"column":8}}]},"2":{"loc":{"start":{"line":12,"column":7},"end":{"line":12,"column":17}},"type":"binary-expr","locations":[{"start":{"line":12,"column":7},"end":{"line":12,"column":17}},{"start":{"line":12,"column":7},"end":{"line":12,"column":17}}]}},"s":{"0":4,"1":4,"2":4,"3":4,"4":6,"5":4},"f":{"0":4,"1":6},"b":{"0":[0],"1":[0,4],"2":[4,4]}}
,"/Users/alexander.gallo/Documents/React-practices/Pokemon-proyect/landing-pokemon/src/components/progressBar/ProgressBar.tsx": {"path":"/Users/alexander.gallo/Documents/React-practices/Pokemon-proyect/landing-pokemon/src/components/progressBar/ProgressBar.tsx","statementMap":{"0":{"start":{"line":1,"column":0},"end":{"line":1,"column":47}},"1":{"start":{"line":7,"column":20},"end":{"line":20,"column":1}},"2":{"start":{"line":8,"column":2},"end":{"line":19,"column":4}},"3":{"start":{"line":22,"column":0},"end":{"line":22,"column":27}}},"fnMap":{"0":{"name":"(anonymous_1)","decl":{"start":{"line":7,"column":20},"end":{"line":7,"column":21}},"loc":{"start":{"line":7,"column":44},"end":{"line":20,"column":1}}}},"branchMap":{"0":{"loc":{"start":{"line":12,"column":22},"end":{"line":12,"column":62}},"type":"cond-expr","locations":[{"start":{"line":12,"column":39},"end":{"line":12,"column":53}},{"start":{"line":12,"column":56},"end":{"line":12,"column":62}}]}},"s":{"0":3,"1":3,"2":3,"3":3},"f":{"0":3},"b":{"0":[0,3]}}
,"/Users/alexander.gallo/Documents/React-practices/Pokemon-proyect/landing-pokemon/src/components/sections/aboutPokemon/AboutPokemon.tsx": {"path":"/Users/alexander.gallo/Documents/React-practices/Pokemon-proyect/landing-pokemon/src/components/sections/aboutPokemon/AboutPokemon.tsx","statementMap":{"0":{"start":{"line":2,"column":0},"end":{"line":2,"column":48}},"1":{"start":{"line":8,"column":21},"end":{"line":32,"column":1}},"2":{"start":{"line":9,"column":2},"end":{"line":31,"column":4}},"3":{"start":{"line":26,"column":12},"end":{"line":26,"column":32}},"4":{"start":{"line":34,"column":0},"end":{"line":34,"column":28}}},"fnMap":{"0":{"name":"(anonymous_1)","decl":{"start":{"line":8,"column":21},"end":{"line":8,"column":22}},"loc":{"start":{"line":8,"column":44},"end":{"line":32,"column":1}}},"1":{"name":"(anonymous_2)","decl":{"start":{"line":25,"column":33},"end":{"line":25,"column":34}},"loc":{"start":{"line":26,"column":12},"end":{"line":26,"column":32}}}},"branchMap":{},"s":{"0":2,"1":2,"2":2,"3":3,"4":2},"f":{"0":2,"1":3},"b":{}}
,"/Users/alexander.gallo/Documents/React-practices/Pokemon-proyect/landing-pokemon/src/components/sections/findPokemon/FindPokemon.tsx": {"path":"/Users/alexander.gallo/Documents/React-practices/Pokemon-proyect/landing-pokemon/src/components/sections/findPokemon/FindPokemon.tsx","statementMap":{"0":{"start":{"line":1,"column":0},"end":{"line":1,"column":35}},"1":{"start":{"line":2,"column":0},"end":{"line":2,"column":56}},"2":{"start":{"line":3,"column":0},"end":{"line":3,"column":67}},"3":{"start":{"line":4,"column":0},"end":{"line":4,"column":47}},"4":{"start":{"line":6,"column":20},"end":{"line":27,"column":1}},"5":{"start":{"line":7,"column":18},"end":{"line":7,"column":45}},"6":{"start":{"line":9,"column":2},"end":{"line":11,"column":3}},"7":{"start":{"line":10,"column":4},"end":{"line":10,"column":52}},"8":{"start":{"line":13,"column":26},"end":{"line":13,"column":33}},"9":{"start":{"line":15,"column":2},"end":{"line":26,"column":4}},"10":{"start":{"line":29,"column":0},"end":{"line":29,"column":27}}},"fnMap":{"0":{"name":"(anonymous_1)","decl":{"start":{"line":6,"column":20},"end":{"line":6,"column":23}},"loc":{"start":{"line":6,"column":25},"end":{"line":27,"column":1}}}},"branchMap":{"0":{"loc":{"start":{"line":9,"column":2},"end":{"line":11,"column":3}},"type":"if","locations":[{"start":{"line":9,"column":2},"end":{"line":11,"column":3}}]}},"s":{"0":2,"1":2,"2":2,"3":2,"4":2,"5":8,"6":8,"7":0,"8":8,"9":8,"10":2},"f":{"0":8},"b":{"0":[0]}}
,"/Users/alexander.gallo/Documents/React-practices/Pokemon-proyect/landing-pokemon/src/components/sections/infoCommunity/InfoCommunity.tsx": {"path":"/Users/alexander.gallo/Documents/React-practices/Pokemon-proyect/landing-pokemon/src/components/sections/infoCommunity/InfoCommunity.tsx","statementMap":{"0":{"start":{"line":1,"column":0},"end":{"line":1,"column":41}},"1":{"start":{"line":2,"column":0},"end":{"line":2,"column":49}},"2":{"start":{"line":4,"column":18},"end":{"line":4,"column":68}},"3":{"start":{"line":6,"column":22},"end":{"line":36,"column":1}},"4":{"start":{"line":7,"column":2},"end":{"line":35,"column":4}},"5":{"start":{"line":38,"column":0},"end":{"line":38,"column":29}}},"fnMap":{"0":{"name":"(anonymous_1)","decl":{"start":{"line":6,"column":22},"end":{"line":6,"column":25}},"loc":{"start":{"line":6,"column":27},"end":{"line":36,"column":1}}}},"branchMap":{},"s":{"0":1,"1":1,"2":1,"3":1,"4":1,"5":1},"f":{"0":1},"b":{}}
,"/Users/alexander.gallo/Documents/React-practices/Pokemon-proyect/landing-pokemon/src/components/sections/infoLandingPage/InfoLandingPage.tsx": {"path":"/Users/alexander.gallo/Documents/React-practices/Pokemon-proyect/landing-pokemon/src/components/sections/infoLandingPage/InfoLandingPage.tsx","statementMap":{"0":{"start":{"line":1,"column":0},"end":{"line":1,"column":41}},"1":{"start":{"line":2,"column":0},"end":{"line":2,"column":51}},"2":{"start":{"line":4,"column":24},"end":{"line":34,"column":1}},"3":{"start":{"line":5,"column":2},"end":{"line":33,"column":4}},"4":{"start":{"line":36,"column":0},"end":{"line":36,"column":31}}},"fnMap":{"0":{"name":"(anonymous_1)","decl":{"start":{"line":4,"column":24},"end":{"line":4,"column":27}},"loc":{"start":{"line":4,"column":29},"end":{"line":34,"column":1}}}},"branchMap":{},"s":{"0":1,"1":1,"2":1,"3":1,"4":1},"f":{"0":1},"b":{}}
,"/Users/alexander.gallo/Documents/React-practices/Pokemon-proyect/landing-pokemon/src/components/sections/notFoundFavorites/NotFoundFavorites.tsx": {"path":"/Users/alexander.gallo/Documents/React-practices/Pokemon-proyect/landing-pokemon/src/components/sections/notFoundFavorites/NotFoundFavorites.tsx","statementMap":{"0":{"start":{"line":1,"column":0},"end":{"line":1,"column":42}},"1":{"start":{"line":2,"column":0},"end":{"line":2,"column":41}},"2":{"start":{"line":3,"column":0},"end":{"line":3,"column":53}},"3":{"start":{"line":5,"column":0},"end":{"line":5,"column":61}},"4":{"start":{"line":8,"column":2},"end":{"line":8,"column":95}},"5":{"start":{"line":10,"column":26},"end":{"line":65,"column":1}},"6":{"start":{"line":11,"column":27},"end":{"line":11,"column":55}},"7":{"start":{"line":13,"column":30},"end":{"line":14,"column":null}},"8":{"start":{"line":17,"column":2},"end":{"line":28,"column":9}},"9":{"start":{"line":18,"column":4},"end":{"line":27,"column":5}},"10":{"start":{"line":19,"column":27},"end":{"line":20,"column":null}},"11":{"start":{"line":22,"column":6},"end":{"line":26,"column":9}},"12":{"start":{"line":23,"column":30},"end":{"line":23,"column":65}},"13":{"start":{"line":24,"column":8},"end":{"line":24,"column":58}},"14":{"start":{"line":25,"column":8},"end":{"line":25,"column":62}},"15":{"start":{"line":30,"column":2},"end":{"line":64,"column":4}},"16":{"start":{"line":42,"column":14},"end":{"line":42,"column":31}},"17":{"start":{"line":67,"column":0},"end":{"line":67,"column":33}}},"fnMap":{"0":{"name":"(anonymous_1)","decl":{"start":{"line":10,"column":26},"end":{"line":10,"column":29}},"loc":{"start":{"line":10,"column":31},"end":{"line":65,"column":1}}},"1":{"name":"(anonymous_2)","decl":{"start":{"line":17,"column":12},"end":{"line":17,"column":15}},"loc":{"start":{"line":17,"column":17},"end":{"line":28,"column":3}}},"2":{"name":"(anonymous_3)","decl":{"start":{"line":22,"column":27},"end":{"line":22,"column":28}},"loc":{"start":{"line":22,"column":36},"end":{"line":26,"column":7}}},"3":{"name":"(anonymous_4)","decl":{"start":{"line":41,"column":30},"end":{"line":41,"column":31}},"loc":{"start":{"line":42,"column":14},"end":{"line":42,"column":31}}}},"branchMap":{"0":{"loc":{"start":{"line":18,"column":4},"end":{"line":27,"column":5}},"type":"if","locations":[{"start":{"line":18,"column":4},"end":{"line":27,"column":5}}]},"1":{"loc":{"start":{"line":20,"column":8},"end":{"line":20,"column":49}},"type":"cond-expr","locations":[{"start":{"line":20,"column":43},"end":{"line":20,"column":47}},{"start":{"line":20,"column":47},"end":{"line":20,"column":49}}]},"2":{"loc":{"start":{"line":20,"column":8},"end":{"line":20,"column":47}},"type":"binary-expr","locations":[{"start":{"line":20,"column":8},"end":{"line":20,"column":47}},{"start":{"line":20,"column":43},"end":{"line":20,"column":47}}]},"3":{"loc":{"start":{"line":20,"column":8},"end":{"line":20,"column":43}},"type":"cond-expr","locations":[{"start":{"line":20,"column":33},"end":{"line":20,"column":35}},{"start":{"line":20,"column":33},"end":{"line":20,"column":43}}]},"4":{"loc":{"start":{"line":20,"column":8},"end":{"line":20,"column":35}},"type":"binary-expr","locations":[{"start":{"line":20,"column":8},"end":{"line":20,"column":35}},{"start":{"line":20,"column":33},"end":{"line":20,"column":35}}]},"5":{"loc":{"start":{"line":20,"column":8},"end":{"line":20,"column":33}},"type":"cond-expr","locations":[{"start":{"line":20,"column":24},"end":{"line":20,"column":26}},{"start":{"line":20,"column":8},"end":{"line":20,"column":33}}]},"6":{"loc":{"start":{"line":20,"column":8},"end":{"line":20,"column":26}},"type":"binary-expr","locations":[{"start":{"line":20,"column":8},"end":{"line":20,"column":26}},{"start":{"line":20,"column":8},"end":{"line":20,"column":26}}]},"7":{"loc":{"start":{"line":25,"column":8},"end":{"line":25,"column":61}},"type":"cond-expr","locations":[{"start":{"line":25,"column":33},"end":{"line":25,"column":35}},{"start":{"line":25,"column":33},"end":{"line":25,"column":61}}]},"8":{"loc":{"start":{"line":25,"column":8},"end":{"line":25,"column":35}},"type":"binary-expr","locations":[{"start":{"line":25,"column":8},"end":{"line":25,"column":35}},{"start":{"line":25,"column":33},"end":{"line":25,"column":35}}]},"9":{"loc":{"start":{"line":25,"column":8},"end":{"line":25,"column":33}},"type":"cond-expr","locations":[{"start":{"line":25,"column":24},"end":{"line":25,"column":26}},{"start":{"line":25,"column":8},"end":{"line":25,"column":33}}]},"10":{"loc":{"start":{"line":25,"column":8},"end":{"line":25,"column":26}},"type":"binary-expr","locations":[{"start":{"line":25,"column":8},"end":{"line":25,"column":26}},{"start":{"line":25,"column":8},"end":{"line":25,"column":26}}]},"11":{"loc":{"start":{"line":33,"column":7},"end":{"line":51,"column":null}},"type":"cond-expr","locations":[{"start":{"line":34,"column":8},"end":{"line":34,"column":30}},{"start":{"line":36,"column":8},"end":{"line":50,"column":null}}]}},"s":{"0":2,"1":2,"2":2,"3":2,"4":2,"5":2,"6":3,"7":3,"8":3,"9":3,"10":3,"11":3,"12":4,"13":4,"14":4,"15":3,"16":4,"17":2},"f":{"0":3,"1":3,"2":4,"3":4},"b":{"0":[3],"1":[2,1],"2":[3,3],"3":[1,2],"4":[3,2],"5":[0,3],"6":[3,3],"7":[0,4],"8":[4,4],"9":[0,4],"10":[4,4],"11":[1,2]}}
,"/Users/alexander.gallo/Documents/React-practices/Pokemon-proyect/landing-pokemon/src/components/statsProgress/StatsProgress.tsx": {"path":"/Users/alexander.gallo/Documents/React-practices/Pokemon-proyect/landing-pokemon/src/components/statsProgress/StatsProgress.tsx","statementMap":{"0":{"start":{"line":2,"column":0},"end":{"line":2,"column":53}},"1":{"start":{"line":3,"column":0},"end":{"line":3,"column":49}},"2":{"start":{"line":9,"column":22},"end":{"line":25,"column":1}},"3":{"start":{"line":10,"column":2},"end":{"line":24,"column":4}},"4":{"start":{"line":13,"column":8},"end":{"line":13,"column":25}},"5":{"start":{"line":27,"column":0},"end":{"line":27,"column":29}}},"fnMap":{"0":{"name":"(anonymous_1)","decl":{"start":{"line":9,"column":22},"end":{"line":9,"column":23}},"loc":{"start":{"line":9,"column":43},"end":{"line":25,"column":1}}},"1":{"name":"(anonymous_2)","decl":{"start":{"line":12,"column":17},"end":{"line":12,"column":18}},"loc":{"start":{"line":13,"column":8},"end":{"line":13,"column":25}}}},"branchMap":{},"s":{"0":2,"1":2,"2":2,"3":2,"4":2,"5":2},"f":{"0":2,"1":2},"b":{}}
,"/Users/alexander.gallo/Documents/React-practices/Pokemon-proyect/landing-pokemon/src/components/swiper/Swiper.tsx": {"path":"/Users/alexander.gallo/Documents/React-practices/Pokemon-proyect/landing-pokemon/src/components/swiper/Swiper.tsx","statementMap":{"0":{"start":{"line":1,"column":0},"end":{"line":1,"column":33}},"1":{"start":{"line":2,"column":0},"end":{"line":2,"column":null}},"2":{"start":{"line":8,"column":0},"end":{"line":8,"column":42}},"3":{"start":{"line":14,"column":15},"end":{"line":49,"column":1}},"4":{"start":{"line":15,"column":42},"end":{"line":15,"column":53}},"5":{"start":{"line":17,"column":27},"end":{"line":22,"column":4}},"6":{"start":{"line":24,"column":23},"end":{"line":24,"column":36}},"7":{"start":{"line":26,"column":26},"end":{"line":28,"column":3}},"8":{"start":{"line":27,"column":4},"end":{"line":27,"column":78}},"9":{"start":{"line":30,"column":26},"end":{"line":32,"column":3}},"10":{"start":{"line":31,"column":4},"end":{"line":31,"column":78}},"11":{"start":{"line":34,"column":2},"end":{"line":48,"column":4}},"12":{"start":{"line":40,"column":8},"end":{"line":40,"column":25}},"13":{"start":{"line":51,"column":0},"end":{"line":51,"column":22}}},"fnMap":{"0":{"name":"(anonymous_1)","decl":{"start":{"line":14,"column":15},"end":{"line":14,"column":16}},"loc":{"start":{"line":14,"column":38},"end":{"line":49,"column":1}}},"1":{"name":"(anonymous_2)","decl":{"start":{"line":26,"column":26},"end":{"line":26,"column":29}},"loc":{"start":{"line":26,"column":31},"end":{"line":28,"column":3}}},"2":{"name":"(anonymous_3)","decl":{"start":{"line":30,"column":26},"end":{"line":30,"column":29}},"loc":{"start":{"line":30,"column":31},"end":{"line":32,"column":3}}},"3":{"name":"(anonymous_4)","decl":{"start":{"line":39,"column":18},"end":{"line":39,"column":19}},"loc":{"start":{"line":40,"column":8},"end":{"line":40,"column":25}}}},"branchMap":{"0":{"loc":{"start":{"line":27,"column":20},"end":{"line":27,"column":76}},"type":"cond-expr","locations":[{"start":{"line":27,"column":56},"end":{"line":27,"column":57}},{"start":{"line":27,"column":60},"end":{"line":27,"column":76}}]},"1":{"loc":{"start":{"line":31,"column":20},"end":{"line":31,"column":76}},"type":"cond-expr","locations":[{"start":{"line":31,"column":41},"end":{"line":31,"column":57}},{"start":{"line":31,"column":60},"end":{"line":31,"column":76}}]},"2":{"loc":{"start":{"line":41,"column":11},"end":{"line":41,"column":75}},"type":"binary-expr","locations":[{"start":{"line":41,"column":11},"end":{"line":41,"column":33}},{"start":{"line":41,"column":37},"end":{"line":41,"column":75}}]}},"s":{"0":2,"1":2,"2":2,"3":2,"4":4,"5":4,"6":4,"7":4,"8":1,"9":4,"10":0,"11":4,"12":16,"13":2},"f":{"0":4,"1":1,"2":0,"3":16},"b":{"0":[0,1],"1":[0,0],"2":[16,4]}}
,"/Users/alexander.gallo/Documents/React-practices/Pokemon-proyect/landing-pokemon/src/components/toolTip/ToolTip.tsx": {"path":"/Users/alexander.gallo/Documents/React-practices/Pokemon-proyect/landing-pokemon/src/components/toolTip/ToolTip.tsx","statementMap":{"0":{"start":{"line":1,"column":0},"end":{"line":1,"column":44}},"1":{"start":{"line":2,"column":0},"end":{"line":2,"column":43}},"2":{"start":{"line":9,"column":16},"end":{"line":29,"column":1}},"3":{"start":{"line":10,"column":40},"end":{"line":10,"column":55}},"4":{"start":{"line":12,"column":2},"end":{"line":28,"column":4}},"5":{"start":{"line":15,"column":26},"end":{"line":15,"column":46}},"6":{"start":{"line":16,"column":26},"end":{"line":16,"column":47}},"7":{"start":{"line":31,"column":0},"end":{"line":31,"column":23}}},"fnMap":{"0":{"name":"(anonymous_1)","decl":{"start":{"line":9,"column":16},"end":{"line":9,"column":17}},"loc":{"start":{"line":9,"column":50},"end":{"line":29,"column":1}}},"1":{"name":"(anonymous_2)","decl":{"start":{"line":15,"column":20},"end":{"line":15,"column":23}},"loc":{"start":{"line":15,"column":26},"end":{"line":15,"column":46}}},"2":{"name":"(anonymous_3)","decl":{"start":{"line":16,"column":20},"end":{"line":16,"column":23}},"loc":{"start":{"line":16,"column":26},"end":{"line":16,"column":47}}}},"branchMap":{"0":{"loc":{"start":{"line":22,"column":10},"end":{"line":22,"column":null}},"type":"cond-expr","locations":[{"start":{"line":22,"column":24},"end":{"line":22,"column":54}},{"start":{"line":22,"column":57},"end":{"line":22,"column":null}}]}},"s":{"0":7,"1":7,"2":7,"3":10,"4":10,"5":1,"6":0,"7":7},"f":{"0":10,"1":1,"2":0},"b":{"0":[1,9]}}
,"/Users/alexander.gallo/Documents/React-practices/Pokemon-proyect/landing-pokemon/src/context/PokemonsContext.tsx": {"path":"/Users/alexander.gallo/Documents/React-practices/Pokemon-proyect/landing-pokemon/src/context/PokemonsContext.tsx","statementMap":{"0":{"start":{"line":1,"column":0},"end":{"line":1,"column":38}},"1":{"start":{"line":16,"column":13},"end":{"line":16,"column":79}}},"fnMap":{},"branchMap":{},"s":{"0":5,"1":5},"f":{},"b":{}}
,"/Users/alexander.gallo/Documents/React-practices/Pokemon-proyect/landing-pokemon/src/hooks/useFetchPokeapi.ts": {"path":"/Users/alexander.gallo/Documents/React-practices/Pokemon-proyect/landing-pokemon/src/hooks/useFetchPokeapi.ts","statementMap":{"0":{"start":{"line":1,"column":0},"end":{"line":1,"column":44}},"1":{"start":{"line":3,"column":44},"end":{"line":3,"column":46}},"2":{"start":{"line":16,"column":44},"end":{"line":19,"column":4}},"3":{"start":{"line":21,"column":2},"end":{"line":23,"column":12}},"4":{"start":{"line":22,"column":4},"end":{"line":22,"column":15}},"5":{"start":{"line":25,"column":26},"end":{"line":30,"column":3}},"6":{"start":{"line":26,"column":4},"end":{"line":29,"column":7}},"7":{"start":{"line":32,"column":19},"end":{"line":80,"column":4}},"8":{"start":{"line":32,"column":30},"end":{"line":80,"column":4}},"9":{"start":{"line":33,"column":4},"end":{"line":40,"column":5}},"10":{"start":{"line":34,"column":6},"end":{"line":38,"column":9}},"11":{"start":{"line":39,"column":6},"end":{"line":39,"column":13}},"12":{"start":{"line":42,"column":4},"end":{"line":42,"column":22}},"13":{"start":{"line":44,"column":4},"end":{"line":79,"column":5}},"14":{"start":{"line":45,"column":23},"end":{"line":45,"column":39}},"15":{"start":{"line":47,"column":6},"end":{"line":58,"column":7}},"16":{"start":{"line":48,"column":8},"end":{"line":56,"column":11}},"17":{"start":{"line":57,"column":8},"end":{"line":57,"column":15}},"18":{"start":{"line":60,"column":19},"end":{"line":60,"column":40}},"19":{"start":{"line":62,"column":6},"end":{"line":66,"column":9}},"20":{"start":{"line":68,"column":6},"end":{"line":68,"column":29}},"21":{"start":{"line":70,"column":6},"end":{"line":78,"column":9}},"22":{"start":{"line":82,"column":2},"end":{"line":82,"column":23}},"23":{"start":{"line":85,"column":0},"end":{"line":85,"column":31}}},"fnMap":{"0":{"name":"useFetchPokeapi","decl":{"start":{"line":15,"column":9},"end":{"line":15,"column":24}},"loc":{"start":{"line":15,"column":54},"end":{"line":83,"column":1}}},"1":{"name":"(anonymous_8)","decl":{"start":{"line":21,"column":12},"end":{"line":21,"column":15}},"loc":{"start":{"line":21,"column":17},"end":{"line":23,"column":3}}},"2":{"name":"(anonymous_9)","decl":{"start":{"line":25,"column":26},"end":{"line":25,"column":29}},"loc":{"start":{"line":25,"column":31},"end":{"line":30,"column":3}}},"3":{"name":"(anonymous_10)","decl":{"start":{"line":32,"column":19},"end":{"line":32,"column":28}},"loc":{"start":{"line":32,"column":30},"end":{"line":80,"column":4}}},"4":{"name":"(anonymous_11)","decl":{"start":{"line":32,"column":30},"end":{"line":32,"column":null}},"loc":{"start":{"line":32,"column":30},"end":{"line":80,"column":3}}}},"branchMap":{"0":{"loc":{"start":{"line":33,"column":4},"end":{"line":40,"column":5}},"type":"if","locations":[{"start":{"line":33,"column":4},"end":{"line":40,"column":5}}]},"1":{"loc":{"start":{"line":47,"column":6},"end":{"line":58,"column":7}},"type":"if","locations":[{"start":{"line":47,"column":6},"end":{"line":58,"column":7}}]}},"s":{"0":6,"1":6,"2":13,"3":13,"4":6,"5":13,"6":4,"7":13,"8":6,"9":6,"10":2,"11":2,"12":4,"13":4,"14":4,"15":2,"16":0,"17":0,"18":2,"19":2,"20":2,"21":0,"22":13,"23":6},"f":{"0":13,"1":6,"2":4,"3":6,"4":6},"b":{"0":[2],"1":[0]}}
,"/Users/alexander.gallo/Documents/React-practices/Pokemon-proyect/landing-pokemon/src/hooks/useForm.ts": {"path":"/Users/alexander.gallo/Documents/React-practices/Pokemon-proyect/landing-pokemon/src/hooks/useForm.ts","statementMap":{"0":{"start":{"line":1,"column":0},"end":{"line":1,"column":56}},"1":{"start":{"line":5,"column":38},"end":{"line":5,"column":89}},"2":{"start":{"line":6,"column":58},"end":{"line":6,"column":107}},"3":{"start":{"line":8,"column":30},"end":{"line":16,"column":5}},"4":{"start":{"line":9,"column":32},"end":{"line":9,"column":44}},"5":{"start":{"line":11,"column":8},"end":{"line":14,"column":null}},"6":{"start":{"line":18,"column":29},"end":{"line":20,"column":5}},"7":{"start":{"line":19,"column":8},"end":{"line":19,"column":37}},"8":{"start":{"line":22,"column":4},"end":{"line":28,"column":null}},"9":{"start":{"line":23,"column":24},"end":{"line":25,"column":13}},"10":{"start":{"line":24,"column":8},"end":{"line":24,"column":42}},"11":{"start":{"line":27,"column":6},"end":{"line":27,"column":43}},"12":{"start":{"line":27,"column":19},"end":{"line":27,"column":42}},"13":{"start":{"line":31,"column":2},"end":{"line":36,"column":null}},"14":{"start":{"line":40,"column":0},"end":{"line":40,"column":null}}},"fnMap":{"0":{"name":"useForm","decl":{"start":{"line":3,"column":9},"end":{"line":3,"column":16}},"loc":{"start":{"line":3,"column":57},"end":{"line":38,"column":1}}},"1":{"name":"(anonymous_1)","decl":{"start":{"line":8,"column":30},"end":{"line":8,"column":32}},"loc":{"start":{"line":8,"column":73},"end":{"line":16,"column":5}}},"2":{"name":"(anonymous_2)","decl":{"start":{"line":18,"column":29},"end":{"line":18,"column":32}},"loc":{"start":{"line":18,"column":34},"end":{"line":20,"column":5}}},"3":{"name":"(anonymous_3)","decl":{"start":{"line":22,"column":14},"end":{"line":22,"column":17}},"loc":{"start":{"line":22,"column":19},"end":{"line":28,"column":5}}},"4":{"name":"(anonymous_4)","decl":{"start":{"line":23,"column":35},"end":{"line":23,"column":38}},"loc":{"start":{"line":23,"column":40},"end":{"line":25,"column":7}}},"5":{"name":"(anonymous_5)","decl":{"start":{"line":27,"column":13},"end":{"line":27,"column":16}},"loc":{"start":{"line":27,"column":19},"end":{"line":27,"column":42}}}},"branchMap":{},"s":{"0":2,"1":9,"2":9,"3":9,"4":3,"5":3,"6":9,"7":1,"8":9,"9":8,"10":1,"11":8,"12":8,"13":9,"14":2},"f":{"0":9,"1":3,"2":1,"3":8,"4":1,"5":8},"b":{}}
,"/Users/alexander.gallo/Documents/React-practices/Pokemon-proyect/landing-pokemon/src/hooks/usePokemonFiltered.ts": {"path":"/Users/alexander.gallo/Documents/React-practices/Pokemon-proyect/landing-pokemon/src/hooks/usePokemonFiltered.ts","statementMap":{"0":{"start":{"line":1,"column":0},"end":{"line":1,"column":44}},"1":{"start":{"line":2,"column":0},"end":{"line":2,"column":32}},"2":{"start":{"line":5,"column":0},"end":{"line":5,"column":48}},"3":{"start":{"line":8,"column":21},"end":{"line":10,"column":2}},"4":{"start":{"line":12,"column":27},"end":{"line":50,"column":1}},"5":{"start":{"line":15,"column":48},"end":{"line":15,"column":77}},"6":{"start":{"line":17,"column":19},"end":{"line":18,"column":null}},"7":{"start":{"line":21,"column":64},"end":{"line":21,"column":85}},"8":{"start":{"line":23,"column":25},"end":{"line":38,"column":3}},"9":{"start":{"line":24,"column":38},"end":{"line":24,"column":40}},"10":{"start":{"line":25,"column":4},"end":{"line":36,"column":5}},"11":{"start":{"line":26,"column":6},"end":{"line":35,"column":12}},"12":{"start":{"line":28,"column":10},"end":{"line":30,"column":57}},"13":{"start":{"line":32,"column":24},"end":{"line":35,"column":10}},"14":{"start":{"line":37,"column":4},"end":{"line":37,"column":37}},"15":{"start":{"line":40,"column":2},"end":{"line":42,"column":33}},"16":{"start":{"line":41,"column":4},"end":{"line":41,"column":21}},"17":{"start":{"line":44,"column":2},"end":{"line":48,"column":null}},"18":{"start":{"line":52,"column":0},"end":{"line":52,"column":null}}},"fnMap":{"0":{"name":"(anonymous_1)","decl":{"start":{"line":12,"column":27},"end":{"line":12,"column":30}},"loc":{"start":{"line":12,"column":32},"end":{"line":50,"column":1}}},"1":{"name":"(anonymous_2)","decl":{"start":{"line":23,"column":25},"end":{"line":23,"column":28}},"loc":{"start":{"line":23,"column":30},"end":{"line":38,"column":3}}},"2":{"name":"(anonymous_3)","decl":{"start":{"line":27,"column":16},"end":{"line":27,"column":17}},"loc":{"start":{"line":28,"column":10},"end":{"line":30,"column":57}}},"3":{"name":"(anonymous_4)","decl":{"start":{"line":32,"column":13},"end":{"line":32,"column":14}},"loc":{"start":{"line":32,"column":24},"end":{"line":35,"column":10}}},"4":{"name":"(anonymous_5)","decl":{"start":{"line":40,"column":12},"end":{"line":40,"column":15}},"loc":{"start":{"line":40,"column":17},"end":{"line":42,"column":3}}}},"branchMap":{"0":{"loc":{"start":{"line":25,"column":4},"end":{"line":36,"column":5}},"type":"if","locations":[{"start":{"line":25,"column":4},"end":{"line":36,"column":5}}]},"1":{"loc":{"start":{"line":25,"column":8},"end":{"line":25,"column":21}},"type":"cond-expr","locations":[{"start":{"line":25,"column":12},"end":{"line":25,"column":14}},{"start":{"line":25,"column":8},"end":{"line":25,"column":21}}]},"2":{"loc":{"start":{"line":25,"column":8},"end":{"line":25,"column":14}},"type":"binary-expr","locations":[{"start":{"line":25,"column":8},"end":{"line":25,"column":14}},{"start":{"line":25,"column":8},"end":{"line":25,"column":14}}]}},"s":{"0":1,"1":1,"2":1,"3":1,"4":1,"5":4,"6":4,"7":4,"8":4,"9":2,"10":2,"11":1,"12":2,"13":2,"14":2,"15":4,"16":2,"17":4,"18":1},"f":{"0":4,"1":2,"2":2,"3":2,"4":2},"b":{"0":[1],"1":[1,1],"2":[2,1]}}
,"/Users/alexander.gallo/Documents/React-practices/Pokemon-proyect/landing-pokemon/src/utils/pokemons/favoritePokemon.ts": {"path":"/Users/alexander.gallo/Documents/React-practices/Pokemon-proyect/landing-pokemon/src/utils/pokemons/favoritePokemon.ts","statementMap":{"0":{"start":{"line":3,"column":24},"end":{"line":27,"column":1}},"1":{"start":{"line":5,"column":29},"end":{"line":17,"column":5}},"2":{"start":{"line":7,"column":41},"end":{"line":7,"column":96}},"3":{"start":{"line":9,"column":8},"end":{"line":13,"column":9}},"4":{"start":{"line":9,"column":35},"end":{"line":9,"column":57}},"5":{"start":{"line":10,"column":12},"end":{"line":10,"column":74}},"6":{"start":{"line":10,"column":50},"end":{"line":10,"column":71}},"7":{"start":{"line":12,"column":12},"end":{"line":12,"column":38}},"8":{"start":{"line":16,"column":8},"end":{"line":16,"column":71}},"9":{"start":{"line":19,"column":21},"end":{"line":21,"column":5}},"10":{"start":{"line":20,"column":8},"end":{"line":20,"column":71}},"11":{"start":{"line":23,"column":2},"end":{"line":26,"column":null}},"12":{"start":{"line":29,"column":0},"end":{"line":29,"column":null}}},"fnMap":{"0":{"name":"(anonymous_0)","decl":{"start":{"line":3,"column":24},"end":{"line":3,"column":27}},"loc":{"start":{"line":3,"column":29},"end":{"line":27,"column":1}}},"1":{"name":"(anonymous_1)","decl":{"start":{"line":5,"column":29},"end":{"line":5,"column":30}},"loc":{"start":{"line":5,"column":56},"end":{"line":17,"column":5}}},"2":{"name":"(anonymous_2)","decl":{"start":{"line":9,"column":27},"end":{"line":9,"column":31}},"loc":{"start":{"line":9,"column":35},"end":{"line":9,"column":57}}},"3":{"name":"(anonymous_3)","decl":{"start":{"line":10,"column":42},"end":{"line":10,"column":46}},"loc":{"start":{"line":10,"column":50},"end":{"line":10,"column":71}}},"4":{"name":"(anonymous_4)","decl":{"start":{"line":19,"column":21},"end":{"line":19,"column":41}},"loc":{"start":{"line":19,"column":43},"end":{"line":21,"column":5}}}},"branchMap":{"0":{"loc":{"start":{"line":7,"column":53},"end":{"line":7,"column":94}},"type":"binary-expr","locations":[{"start":{"line":7,"column":53},"end":{"line":7,"column":86}},{"start":{"line":7,"column":90},"end":{"line":7,"column":94}}]},"1":{"loc":{"start":{"line":9,"column":8},"end":{"line":13,"column":9}},"type":"if","locations":[{"start":{"line":9,"column":8},"end":{"line":13,"column":9}},{"start":{"line":11,"column":15},"end":{"line":13,"column":9}}]},"2":{"loc":{"start":{"line":20,"column":27},"end":{"line":20,"column":68}},"type":"binary-expr","locations":[{"start":{"line":20,"column":27},"end":{"line":20,"column":60}},{"start":{"line":20,"column":64},"end":{"line":20,"column":68}}]}},"s":{"0":4,"1":7,"2":2,"3":2,"4":1,"5":1,"6":1,"7":1,"8":2,"9":7,"10":1,"11":7,"12":4},"f":{"0":7,"1":2,"2":1,"3":1,"4":1},"b":{"0":[2,1],"1":[1,1],"2":[1,0]}}
,"/Users/alexander.gallo/Documents/React-practices/Pokemon-proyect/landing-pokemon/src/utils/styles/buttonStyles.ts": {"path":"/Users/alexander.gallo/Documents/React-practices/Pokemon-proyect/landing-pokemon/src/utils/styles/buttonStyles.ts","statementMap":{"0":{"start":{"line":3,"column":13},"end":{"line":8,"column":null}},"1":{"start":{"line":11,"column":17},"end":{"line":16,"column":null}},"2":{"start":{"line":20,"column":13},"end":{"line":26,"column":null}}},"fnMap":{},"branchMap":{},"s":{"0":9,"1":9,"2":9},"f":{},"b":{}}
}
