TN:
SF:src/app/favorites/FavoritesPage.tsx
FN:6,(anonymous_1)
FNF:1
FNH:1
FNDA:1,(anonymous_1)
DA:1,1
DA:2,1
DA:3,1
DA:4,1
DA:6,1
DA:7,1
DA:9,1
DA:11,1
DA:23,1
LF:9
LH:9
BRDA:14,0,0,0
BRDA:14,0,1,1
BRF:2
BRH:1
end_of_record
TN:
SF:src/app/pokemon/PokemonPage.tsx
FN:9,(anonymous_1)
FN:24,(anonymous_2)
FNF:2
FNH:2
FNDA:3,(anonymous_1)
FNDA:2,(anonymous_2)
DA:1,1
DA:2,1
DA:4,1
DA:5,1
DA:6,1
DA:7,1
DA:9,1
DA:10,3
DA:12,3
DA:16,3
DA:18,2
DA:20,1
DA:25,2
DA:40,1
LF:14
LH:14
BRDA:16,0,0,1
BRDA:18,1,0,1
BRDA:28,2,0,1
BRDA:28,2,1,1
BRF:4
BRH:4
end_of_record
TN:
SF:src/app/pokemonsList/PokemonsPage.tsx
FN:12,(anonymous_1)
FN:26,(anonymous_2)
FN:34,(anonymous_3)
FN:48,(anonymous_4)
FN:52,(anonymous_5)
FN:60,(anonymous_6)
FN:66,(anonymous_7)
FNF:7
FNH:6
FNDA:8,(anonymous_1)
FNDA:0,(anonymous_2)
FNDA:4,(anonymous_3)
FNDA:4,(anonymous_4)
FNDA:2,(anonymous_5)
FNDA:4,(anonymous_6)
FNDA:4,(anonymous_7)
DA:1,2
DA:2,2
DA:3,2
DA:4,2
DA:7,2
DA:8,2
DA:10,2
DA:12,2
DA:13,8
DA:16,8
DA:18,8
DA:20,8
DA:21,0
DA:24,8
DA:26,8
DA:27,0
DA:30,8
DA:34,8
DA:35,4
DA:36,4
DA:38,4
DA:39,2
DA:40,2
DA:41,2
DA:45,4
DA:48,8
DA:49,4
DA:51,4
DA:52,2
DA:57,4
DA:60,8
DA:61,4
DA:66,8
DA:67,4
DA:70,8
DA:93,2
LF:36
LH:34
BRDA:20,0,0,0
BRDA:39,1,0,2
BRDA:51,2,0,1
BRDA:51,3,0,3
BRDA:51,3,1,1
BRDA:51,4,0,4
BRDA:51,4,1,3
BRDA:74,5,0,8
BRDA:74,5,1,0
BRDA:79,6,0,0
BRDA:79,6,1,0
BRF:11
BRH:7
end_of_record
TN:
SF:src/components/InputSearch/InputSearch.tsx
FN:8,(anonymous_1)
FNF:1
FNH:1
FNDA:10,(anonymous_1)
DA:1,3
DA:8,3
DA:9,10
DA:21,3
LF:4
LH:4
BRF:0
BRH:0
end_of_record
TN:
SF:src/components/button/Button.tsx
FN:11,(anonymous_1)
FNF:1
FNH:1
FNDA:13,(anonymous_1)
DA:1,9
DA:4,9
DA:9,9
DA:11,9
DA:12,13
DA:18,13
DA:20,13
DA:32,9
LF:8
LH:8
BRF:0
BRH:0
end_of_record
TN:
SF:src/components/navbar/Navbar.tsx
FN:14,(anonymous_1)
FN:32,(anonymous_2)
FNF:2
FNH:2
FNDA:1,(anonymous_1)
FNDA:1,(anonymous_2)
DA:1,1
DA:3,1
DA:4,1
DA:5,1
DA:7,1
DA:14,1
DA:15,1
DA:33,1
DA:47,1
LF:9
LH:9
BRF:0
BRH:0
end_of_record
TN:
SF:src/components/navbar/NavbarResponsive.tsx
FN:11,(anonymous_1)
FN:15,(anonymous_2)
FN:19,(anonymous_3)
FNF:3
FNH:1
FNDA:1,(anonymous_1)
FNDA:0,(anonymous_2)
FNDA:0,(anonymous_3)
DA:1,1
DA:2,1
DA:3,1
DA:5,1
DA:11,1
DA:12,1
DA:14,1
DA:15,0
DA:20,0
DA:30,1
LF:10
LH:8
BRDA:17,0,0,1
BRDA:17,0,1,0
BRF:2
BRH:1
end_of_record
TN:
SF:src/components/pokemons/PokemonCard.tsx
FN:17,(anonymous_1)
FN:30,(anonymous_2)
FN:43,(anonymous_3)
FNF:3
FNH:3
FNDA:8,(anonymous_1)
FNDA:1,(anonymous_2)
FNDA:1,(anonymous_3)
DA:1,5
DA:2,5
DA:3,5
DA:5,5
DA:6,5
DA:7,5
DA:8,5
DA:15,5
DA:17,5
DA:18,8
DA:20,8
DA:21,2
DA:24,6
DA:25,6
DA:26,6
DA:28,6
DA:30,6
DA:31,1
DA:32,1
DA:35,6
DA:43,1
DA:63,5
LF:22
LH:22
BRDA:20,0,0,2
BRDA:26,1,0,6
BRDA:26,1,1,2
BRDA:48,2,0,2
BRDA:48,2,1,4
BRF:5
BRH:5
end_of_record
TN:
SF:src/components/pokemons/PokemonsGrid.tsx
FN:9,(anonymous_1)
FN:12,(anonymous_2)
FNF:2
FNH:2
FNDA:4,(anonymous_1)
FNDA:6,(anonymous_2)
DA:2,4
DA:3,4
DA:9,4
DA:10,4
DA:13,6
DA:19,4
LF:6
LH:6
BRDA:9,0,0,0
BRDA:12,1,0,0
BRDA:12,1,1,4
BRDA:12,2,0,4
BRDA:12,2,1,4
BRF:5
BRH:3
end_of_record
TN:
SF:src/components/progressBar/ProgressBar.tsx
FN:7,(anonymous_1)
FNF:1
FNH:1
FNDA:3,(anonymous_1)
DA:1,3
DA:7,3
DA:8,3
DA:22,3
LF:4
LH:4
BRDA:12,0,0,0
BRDA:12,0,1,3
BRF:2
BRH:1
end_of_record
TN:
SF:src/components/sections/aboutPokemon/AboutPokemon.tsx
FN:8,(anonymous_1)
FN:25,(anonymous_2)
FNF:2
FNH:2
FNDA:2,(anonymous_1)
FNDA:3,(anonymous_2)
DA:2,2
DA:8,2
DA:9,2
DA:26,3
DA:34,2
LF:5
LH:5
BRF:0
BRH:0
end_of_record
TN:
SF:src/components/sections/findPokemon/FindPokemon.tsx
FN:6,(anonymous_1)
FNF:1
FNH:1
FNDA:8,(anonymous_1)
DA:1,2
DA:2,2
DA:3,2
DA:4,2
DA:6,2
DA:7,8
DA:9,8
DA:10,0
DA:13,8
DA:15,8
DA:29,2
LF:11
LH:10
BRDA:9,0,0,0
BRF:1
BRH:0
end_of_record
TN:
SF:src/components/sections/infoCommunity/InfoCommunity.tsx
FN:6,(anonymous_1)
FNF:1
FNH:1
FNDA:1,(anonymous_1)
DA:1,1
DA:2,1
DA:4,1
DA:6,1
DA:7,1
DA:38,1
LF:6
LH:6
BRF:0
BRH:0
end_of_record
TN:
SF:src/components/sections/infoLandingPage/InfoLandingPage.tsx
FN:4,(anonymous_1)
FNF:1
FNH:1
FNDA:1,(anonymous_1)
DA:1,1
DA:2,1
DA:4,1
DA:5,1
DA:36,1
LF:5
LH:5
BRF:0
BRH:0
end_of_record
TN:
SF:src/components/sections/notFoundFavorites/NotFoundFavorites.tsx
FN:10,(anonymous_1)
FN:17,(anonymous_2)
FN:22,(anonymous_3)
FN:41,(anonymous_4)
FNF:4
FNH:4
FNDA:3,(anonymous_1)
FNDA:3,(anonymous_2)
FNDA:4,(anonymous_3)
FNDA:4,(anonymous_4)
DA:1,2
DA:2,2
DA:3,2
DA:5,2
DA:8,2
DA:10,2
DA:11,3
DA:13,3
DA:17,3
DA:18,3
DA:19,3
DA:22,3
DA:23,4
DA:24,4
DA:25,4
DA:30,3
DA:42,4
DA:67,2
LF:18
LH:18
BRDA:18,0,0,3
BRDA:20,1,0,2
BRDA:20,1,1,1
BRDA:20,2,0,3
BRDA:20,2,1,3
BRDA:20,3,0,1
BRDA:20,3,1,2
BRDA:20,4,0,3
BRDA:20,4,1,2
BRDA:20,5,0,0
BRDA:20,5,1,3
BRDA:20,6,0,3
BRDA:20,6,1,3
BRDA:25,7,0,0
BRDA:25,7,1,4
BRDA:25,8,0,4
BRDA:25,8,1,4
BRDA:25,9,0,0
BRDA:25,9,1,4
BRDA:25,10,0,4
BRDA:25,10,1,4
BRDA:33,11,0,1
BRDA:33,11,1,2
BRF:23
BRH:20
end_of_record
TN:
SF:src/components/statsProgress/StatsProgress.tsx
FN:9,(anonymous_1)
FN:12,(anonymous_2)
FNF:2
FNH:2
FNDA:2,(anonymous_1)
FNDA:2,(anonymous_2)
DA:2,2
DA:3,2
DA:9,2
DA:10,2
DA:13,2
DA:27,2
LF:6
LH:6
BRF:0
BRH:0
end_of_record
TN:
SF:src/components/swiper/Swiper.tsx
FN:14,(anonymous_1)
FN:26,(anonymous_2)
FN:30,(anonymous_3)
FN:39,(anonymous_4)
FNF:4
FNH:3
FNDA:4,(anonymous_1)
FNDA:1,(anonymous_2)
FNDA:0,(anonymous_3)
FNDA:16,(anonymous_4)
DA:1,2
DA:2,2
DA:8,2
DA:14,2
DA:15,4
DA:17,4
DA:24,4
DA:26,4
DA:27,1
DA:30,4
DA:31,0
DA:34,4
DA:40,16
DA:51,2
LF:14
LH:13
BRDA:27,0,0,0
BRDA:27,0,1,1
BRDA:31,1,0,0
BRDA:31,1,1,0
BRDA:41,2,0,16
BRDA:41,2,1,4
BRF:6
BRH:3
end_of_record
TN:
SF:src/components/toolTip/ToolTip.tsx
FN:9,(anonymous_1)
FN:15,(anonymous_2)
FN:16,(anonymous_3)
FNF:3
FNH:2
FNDA:10,(anonymous_1)
FNDA:1,(anonymous_2)
FNDA:0,(anonymous_3)
DA:1,7
DA:2,7
DA:9,7
DA:10,10
DA:12,10
DA:15,1
DA:16,0
DA:31,7
LF:8
LH:7
BRDA:22,0,0,1
BRDA:22,0,1,9
BRF:2
BRH:2
end_of_record
TN:
SF:src/context/PokemonsContext.tsx
FNF:0
FNH:0
DA:1,5
DA:16,5
LF:2
LH:2
BRF:0
BRH:0
end_of_record
TN:
SF:src/hooks/useFetchPokeapi.ts
FN:15,useFetchPokeapi
FN:21,(anonymous_8)
FN:25,(anonymous_9)
FN:32,(anonymous_10)
FN:32,(anonymous_11)
FNF:5
FNH:5
FNDA:13,useFetchPokeapi
FNDA:6,(anonymous_8)
FNDA:4,(anonymous_9)
FNDA:6,(anonymous_10)
FNDA:6,(anonymous_11)
DA:1,6
DA:3,6
DA:16,13
DA:21,13
DA:22,6
DA:25,13
DA:26,4
DA:32,13
DA:33,6
DA:34,2
DA:39,2
DA:42,4
DA:44,4
DA:45,4
DA:47,2
DA:48,0
DA:57,0
DA:60,2
DA:62,2
DA:68,2
DA:70,0
DA:82,13
DA:85,6
LF:23
LH:20
BRDA:33,0,0,2
BRDA:47,1,0,0
BRF:2
BRH:1
end_of_record
TN:
SF:src/hooks/useForm.ts
FN:3,useForm
FN:8,(anonymous_1)
FN:18,(anonymous_2)
FN:22,(anonymous_3)
FN:23,(anonymous_4)
FN:27,(anonymous_5)
FNF:6
FNH:6
FNDA:9,useForm
FNDA:3,(anonymous_1)
FNDA:1,(anonymous_2)
FNDA:8,(anonymous_3)
FNDA:1,(anonymous_4)
FNDA:8,(anonymous_5)
DA:1,2
DA:5,9
DA:6,9
DA:8,9
DA:9,3
DA:11,3
DA:18,9
DA:19,1
DA:22,9
DA:23,8
DA:24,1
DA:27,8
DA:31,9
DA:40,2
LF:14
LH:14
BRF:0
BRH:0
end_of_record
TN:
SF:src/hooks/usePokemonFiltered.ts
FN:12,(anonymous_1)
FN:23,(anonymous_2)
FN:27,(anonymous_3)
FN:32,(anonymous_4)
FN:40,(anonymous_5)
FNF:5
FNH:5
FNDA:4,(anonymous_1)
FNDA:2,(anonymous_2)
FNDA:2,(anonymous_3)
FNDA:2,(anonymous_4)
FNDA:2,(anonymous_5)
DA:1,1
DA:2,1
DA:5,1
DA:8,1
DA:12,1
DA:15,4
DA:17,4
DA:21,4
DA:23,4
DA:24,2
DA:25,2
DA:26,1
DA:28,2
DA:32,2
DA:37,2
DA:40,4
DA:41,2
DA:44,4
DA:52,1
LF:19
LH:19
BRDA:25,0,0,1
BRDA:25,1,0,1
BRDA:25,1,1,1
BRDA:25,2,0,2
BRDA:25,2,1,1
BRF:5
BRH:5
end_of_record
TN:
SF:src/utils/pokemons/favoritePokemon.ts
FN:3,(anonymous_0)
FN:5,(anonymous_1)
FN:9,(anonymous_2)
FN:10,(anonymous_3)
FN:19,(anonymous_4)
FNF:5
FNH:5
FNDA:7,(anonymous_0)
FNDA:2,(anonymous_1)
FNDA:1,(anonymous_2)
FNDA:1,(anonymous_3)
FNDA:1,(anonymous_4)
DA:3,4
DA:5,7
DA:7,2
DA:9,2
DA:10,1
DA:12,1
DA:16,2
DA:19,7
DA:20,1
DA:23,7
DA:29,4
LF:11
LH:11
BRDA:7,0,0,2
BRDA:7,0,1,1
BRDA:9,1,0,1
BRDA:9,1,1,1
BRDA:20,2,0,1
BRDA:20,2,1,0
BRF:6
BRH:5
end_of_record
TN:
SF:src/utils/styles/buttonStyles.ts
FNF:0
FNH:0
DA:3,9
DA:11,9
DA:20,9
LF:3
LH:3
BRF:0
BRH:0
end_of_record
